<?xml version="1.0" encoding="UTF-8"?>
<!-- Generated by org.testng.reporters.JUnitReportReporter -->
<testsuite skipped="0" hostname="DESKTOP-SOA08S7" name="com.web.testCases.LoginTest" tests="1" failures="0" timestamp="25 Apr 2019 06:28:44 GMT" time="2.734" errors="0">
  <testcase name="validLogin" time="2.734" classname="com.web.testCases.LoginTest"/>
</testsuite> <!-- com.web.testCases.LoginTest -->
