<?xml version="1.0" encoding="UTF-8"?>
<!-- Generated by org.testng.reporters.JUnitReportReporter -->
<testsuite skipped="0" hostname="DESKTOP-SOA08S7" name="com.util.Palindrome" tests="1" failures="0" timestamp="11 Jun 2019 13:30:57 GMT" time="0.007" errors="0">
  <testcase name="palandrome" time="0.007" classname="com.util.Palindrome"/>
</testsuite> <!-- com.util.Palindrome -->
