<?xml version="1.0" encoding="UTF-8"?>
<!-- Generated by org.testng.reporters.JUnitReportReporter -->
<testsuite skipped="0" hostname="DESKTOP-SOA08S7" name="com.web.testCases.Institution_BankAccountDetailsTest" tests="1" failures="0" timestamp="17 May 2019 09:32:36 GMT" time="43.771" errors="0">
  <testcase name="insBankDetails" time="43.771" classname="com.web.testCases.Institution_BankAccountDetailsTest"/>
</testsuite> <!-- com.web.testCases.Institution_BankAccountDetailsTest -->
