<?xml version="1.0" encoding="UTF-8"?>
<!-- Generated by org.testng.reporters.JUnitReportReporter -->
<testsuite skipped="0" hostname="DESKTOP-SOA08S7" name="com.web.testCases.IndividualInvestorUserDetailsTest" tests="1" failures="0" timestamp="17 May 2019 08:49:47 GMT" time="31.213" errors="0">
  <testcase name="checkRedirectingToEmpDetails" time="31.213" classname="com.web.testCases.IndividualInvestorUserDetailsTest"/>
</testsuite> <!-- com.web.testCases.IndividualInvestorUserDetailsTest -->
