<?xml version="1.0" encoding="UTF-8"?>
<!-- Generated by org.testng.reporters.JUnitReportReporter -->
<testsuite skipped="0" hostname="DESKTOP-SOA08S7" name="com.web.testCases.Institution_InvestorUserDetailsTest" tests="1" failures="0" timestamp="23 Apr 2019 06:37:48 GMT" time="24.539" errors="0">
  <testcase name="instutionUserDetails" time="24.539" classname="com.web.testCases.Institution_InvestorUserDetailsTest"/>
</testsuite> <!-- com.web.testCases.Institution_InvestorUserDetailsTest -->
