<?xml version="1.0" encoding="UTF-8"?>
<!-- Generated by org.testng.reporters.JUnitReportReporter -->
<testsuite skipped="0" hostname="DESKTOP-SOA08S7" name="com.web.testCases.IndividualInvestorEmploymentDetailsTest" tests="1" failures="0" timestamp="17 May 2019 09:27:25 GMT" time="35.180" errors="0">
  <testcase name="checkRedirectionToKYCdocPage" time="35.180" classname="com.web.testCases.IndividualInvestorEmploymentDetailsTest"/>
</testsuite> <!-- com.web.testCases.IndividualInvestorEmploymentDetailsTest -->
