<?xml version="1.0" encoding="UTF-8"?>
<!-- Generated by org.testng.reporters.JUnitReportReporter -->
<testsuite skipped="0" hostname="DESKTOP-SOA08S7" name="com.web.testCases.SignupTest" tests="1" failures="0" timestamp="10 Apr 2019 12:03:40 GMT" time="0.003" errors="0">
  <testcase name="testBasicReg" time="0.003" classname="com.web.testCases.SignupTest"/>
</testsuite> <!-- com.web.testCases.SignupTest -->
