<?xml version="1.0" encoding="UTF-8"?>
<!-- Generated by org.testng.reporters.JUnitReportReporter -->
<testsuite skipped="0" hostname="DESKTOP-SOA08S7" name="com.web.testCases.IndividualInvestorBasicRegTest" tests="1" failures="0" timestamp="05 Oct 2019 09:45:48 GMT" time="21.238" errors="0">
  <testcase name="enterIndividualInvestorBasicDetails" time="21.238" classname="com.web.testCases.IndividualInvestorBasicRegTest"/>
</testsuite> <!-- com.web.testCases.IndividualInvestorBasicRegTest -->
