<?xml version="1.0" encoding="UTF-8"?>
<!-- Generated by org.testng.reporters.JUnitReportReporter -->
<testsuite skipped="0" hostname="DESKTOP-SOA08S7" name="com.web.testCases.DocumentsTest" tests="1" failures="0" timestamp="15 Apr 2019 07:40:26 GMT" time="77.700" errors="0">
  <testcase name="uploadDoc" time="77.700" classname="com.web.testCases.DocumentsTest"/>
</testsuite> <!-- com.web.testCases.DocumentsTest -->
