<?xml version="1.0" encoding="UTF-8"?>
<!-- Generated by org.testng.reporters.JUnitReportReporter -->
<testsuite skipped="0" hostname="DESKTOP-SOA08S7" name="com.web.testCases.Signup" tests="1" failures="0" timestamp="06 Apr 2019 21:18:56 GMT" time="7.712" errors="0">
  <testcase name="test" time="7.712" classname="com.web.testCases.Signup"/>
</testsuite> <!-- com.web.testCases.Signup -->
