<?xml version="1.0" encoding="UTF-8"?>
<!-- Generated by org.testng.reporters.JUnitReportReporter -->
<testsuite skipped="0" hostname="DESKTOP-SOA08S7" name="com.web.testCases.BorrowerEmploymentDetailsTest" tests="1" failures="0" timestamp="16 May 2019 13:01:42 GMT" time="71.116" errors="0">
  <testcase name="checkRedirectionOtEducationDetails" time="71.116" classname="com.web.testCases.BorrowerEmploymentDetailsTest"/>
</testsuite> <!-- com.web.testCases.BorrowerEmploymentDetailsTest -->
