<?xml version="1.0" encoding="UTF-8"?>
<!-- Generated by org.testng.reporters.JUnitReportReporter -->
<testsuite skipped="0" hostname="DESKTOP-SOA08S7" name="com.web.testCases.IndividualInvestorUserDetailsTest" tests="1" failures="0" timestamp="18 Apr 2019 10:42:38 GMT" time="16.443" errors="0">
  <testcase name="checkuserdetailWithValidData" time="16.443" classname="com.web.testCases.IndividualInvestorUserDetailsTest"/>
</testsuite> <!-- com.web.testCases.IndividualInvestorUserDetailsTest -->
