<?xml version="1.0" encoding="UTF-8"?>
<!-- Generated by org.testng.reporters.JUnitReportReporter -->
<testsuite skipped="0" hostname="DESKTOP-SOA08S7" name="com.web.testCases.IndividualInvestorKYCDocumentsTest" tests="1" failures="0" timestamp="22 Apr 2019 10:31:37 GMT" time="24.577" errors="0">
  <testcase name="kyc" time="24.577" classname="com.web.testCases.IndividualInvestorKYCDocumentsTest"/>
</testsuite> <!-- com.web.testCases.IndividualInvestorKYCDocumentsTest -->
