<?xml version="1.0" encoding="UTF-8"?>
<!-- Generated by org.testng.reporters.JUnitReportReporter -->
<testsuite skipped="0" hostname="DESKTOP-SOA08S7" name="com.web.testCases.BorrowerEmploymentDetailsTest" tests="1" failures="0" timestamp="22 Apr 2019 09:50:04 GMT" time="40.293" errors="0">
  <testcase name="enterValidEmpDetails" time="40.293" classname="com.web.testCases.BorrowerEmploymentDetailsTest"/>
</testsuite> <!-- com.web.testCases.BorrowerEmploymentDetailsTest -->
