<?xml version="1.0" encoding="UTF-8"?>
<!-- Generated by org.testng.reporters.JUnitReportReporter -->
<testsuite skipped="0" hostname="DESKTOP-SOA08S7" name="com.web.testCases.IndividualInvestorBasicRegTest" tests="1" failures="0" timestamp="07 Aug 2019 10:34:10 GMT" time="17.672" errors="0">
  <testcase name="enterIndividualInvestorBasicDetails" time="17.672" classname="com.web.testCases.IndividualInvestorBasicRegTest"/>
</testsuite> <!-- com.web.testCases.IndividualInvestorBasicRegTest -->
