<?xml version="1.0" encoding="UTF-8"?>
<!-- Generated by org.testng.reporters.JUnitReportReporter -->
<testsuite skipped="0" hostname="DESKTOP-SOA08S7" name="com.web.testCases.IndividualInvestorBasicRegTest" tests="1" failures="0" timestamp="18 Apr 2019 10:50:57 GMT" time="14.279" errors="0">
  <testcase name="checkValidSignUp" time="14.279" classname="com.web.testCases.IndividualInvestorBasicRegTest"/>
</testsuite> <!-- com.web.testCases.IndividualInvestorBasicRegTest -->
