<?xml version="1.0" encoding="UTF-8"?>
<!-- Generated by org.testng.reporters.JUnitReportReporter -->
<testsuite skipped="0" hostname="DESKTOP-SOA08S7" name="com.web.testCases.BasicRgistrationTest" tests="4" failures="0" timestamp="15 Apr 2019 06:05:20 GMT" time="0.007" errors="0">
  <testcase name="test2" time="0.004" classname="com.web.testCases.BasicRgistrationTest"/>
  <testcase name="test3" time="0.001" classname="com.web.testCases.BasicRgistrationTest"/>
  <testcase name="test1" time="0.001" classname="com.web.testCases.BasicRgistrationTest"/>
  <testcase name="test4" time="0.001" classname="com.web.testCases.BasicRgistrationTest"/>
</testsuite> <!-- com.web.testCases.BasicRgistrationTest -->
