<?xml version="1.0" encoding="UTF-8"?>
<!-- Generated by org.testng.reporters.JUnitReportReporter -->
<testsuite skipped="0" hostname="DESKTOP-SOA08S7" name="com.web.testCases.BorrowerUserDetailsTest" tests="1" failures="0" timestamp="16 May 2019 11:38:25 GMT" time="66.500" errors="0">
  <testcase name="checkRedirectionToEmpDtails" time="66.500" classname="com.web.testCases.BorrowerUserDetailsTest"/>
</testsuite> <!-- com.web.testCases.BorrowerUserDetailsTest -->
