<?xml version="1.0" encoding="UTF-8"?>
<!-- Generated by org.testng.reporters.JUnitReportReporter -->
<testsuite skipped="0" hostname="DESKTOP-SOA08S7" name="com.web.testCases.UserDetailsTest" tests="1" failures="0" timestamp="22 Apr 2019 09:16:09 GMT" time="30.998" errors="0">
  <testcase name="enterValidUserDetails" time="30.998" classname="com.web.testCases.UserDetailsTest"/>
</testsuite> <!-- com.web.testCases.UserDetailsTest -->
