<?xml version="1.0" encoding="UTF-8"?>
<!-- Generated by org.testng.reporters.JUnitReportReporter -->
<testsuite skipped="0" hostname="DESKTOP-SOA08S7" name="com.web.testCases.LoanEligibilityTest" tests="1" failures="0" timestamp="22 Apr 2019 07:54:30 GMT" time="21.295" errors="0">
  <testcase name="checkEligibility" time="21.295" classname="com.web.testCases.LoanEligibilityTest"/>
</testsuite> <!-- com.web.testCases.LoanEligibilityTest -->
