<?xml version="1.0" encoding="UTF-8"?>
<!-- Generated by org.testng.reporters.JUnitReportReporter -->
<testsuite skipped="0" hostname="DESKTOP-SOA08S7" name="com.util.ReverseString" tests="1" failures="0" timestamp="18 May 2019 09:58:26 GMT" time="0.006" errors="0">
  <testcase name="a" time="0.006" classname="com.util.ReverseString"/>
</testsuite> <!-- com.util.ReverseString -->
