<?xml version="1.0" encoding="UTF-8"?>
<!-- Generated by org.testng.reporters.JUnitReportReporter -->
<testsuite skipped="0" hostname="DESKTOP-SOA08S7" name="com.web.testCases.Institution_BankAccountDetailsTest" tests="1" failures="0" timestamp="23 Apr 2019 09:08:44 GMT" time="35.936" errors="0">
  <testcase name="insBankDetails" time="35.936" classname="com.web.testCases.Institution_BankAccountDetailsTest"/>
</testsuite> <!-- com.web.testCases.Institution_BankAccountDetailsTest -->
