<?xml version="1.0" encoding="UTF-8"?>
<!-- Generated by org.testng.reporters.JUnitReportReporter -->
<testsuite skipped="0" hostname="DESKTOP-SOA08S7" name="com.web.testCases.BasicrRgistrationTest" tests="1" failures="0" timestamp="10 Apr 2019 12:18:01 GMT" time="11.592" errors="0">
  <testcase name="checkBasicRegistration" time="11.592" classname="com.web.testCases.BasicrRgistrationTest"/>
</testsuite> <!-- com.web.testCases.BasicrRgistrationTest -->
