<?xml version="1.0" encoding="UTF-8"?>
<!-- Generated by org.testng.reporters.JUnitReportReporter -->
<testsuite skipped="0" hostname="DESKTOP-SOA08S7" name="com.web.testCases.IndividualInvestorEmploymentDetailsTest" tests="1" failures="0" timestamp="18 Apr 2019 07:26:51 GMT" time="15.310" errors="0">
  <testcase name="submitValidEmploymentDetails" time="15.310" classname="com.web.testCases.IndividualInvestorEmploymentDetailsTest"/>
</testsuite> <!-- com.web.testCases.IndividualInvestorEmploymentDetailsTest -->
