<?xml version="1.0" encoding="UTF-8"?>
<!-- Generated by org.testng.reporters.JUnitReportReporter -->
<testsuite skipped="0" hostname="DESKTOP-SOA08S7" name="com.web.testCases.Institution_InvestorKYCDocTest" tests="1" failures="0" timestamp="23 Apr 2019 06:51:53 GMT" time="27.317" errors="0">
  <testcase name="institutionInvestorKYC" time="27.317" classname="com.web.testCases.Institution_InvestorKYCDocTest"/>
</testsuite> <!-- com.web.testCases.Institution_InvestorKYCDocTest -->
